# JRE version: Java(TM) SE Runtime Environment (17.0.1+12) (build 17.0.1+12-LTS-39)
# Java VM: Java HotSpot(TM) 64-Bit Server VM (17.0.1+12-LTS-39, mixed mode, sharing, tiered, compressed oops, compressed class ptrs, g1 gc, windows-amd64)
GC Precious Log:
 CPUs: 4 total, 4 available
 Memory: 8125M
 Large Page Support: Disabled
 NUMA Support: Disabled
 Compressed Oops: Enabled (32-bit)
 Heap Region Size: 1M
 Heap Min Capacity: 8M
 Heap Initial Capacity: 128M
 Heap Max Capacity: 2G
 Pre-touch: Disabled
 Parallel Workers: 4
 Concurrent Workers: 1
 Concurrent Refinement Workers: 4
 Periodic GC: Disabled
Heap:
 garbage-first heap   total 481280K, used 415531K [0x0000000080000000, 0x0000000100000000)
  region size 1024K, 6 young (6144K), 4 survivors (4096K)
 Metaspace       used 168095K, committed 169920K, reserved 1204224K
  class space    used 21634K, committed 22464K, reserved 1048576K
GC Heap History (20 events):
Event: 8183.759 GC heap before
{Heap before GC invocations=96 (full 1):
 garbage-first heap   total 481280K, used 263741K [0x0000000080000000, 0x0000000100000000)
  region size 1024K, 86 young (88064K), 2 survivors (2048K)
 Metaspace       used 160354K, committed 162048K, reserved 1196032K
  class space    used 20583K, committed 21376K, reserved 1048576K
}
Event: 8183.768 GC heap after
{Heap after GC invocations=97 (full 1):
 garbage-first heap   total 481280K, used 188990K [0x0000000080000000, 0x0000000100000000)
  region size 1024K, 11 young (11264K), 11 survivors (11264K)
 Metaspace       used 160354K, committed 162048K, reserved 1196032K
  class space    used 20583K, committed 21376K, reserved 1048576K
}
Event: 8185.016 GC heap before
{Heap before GC invocations=98 (full 1):
 garbage-first heap   total 481280K, used 458069K [0x0000000080000000, 0x0000000100000000)
  region size 1024K, 79 young (80896K), 11 survivors (11264K)
 Metaspace       used 160615K, committed 162176K, reserved 1196032K
  class space    used 20624K, committed 21376K, reserved 1048576K
}
Event: 8185.021 GC heap after
{Heap after GC invocations=99 (full 1):
 garbage-first heap   total 481280K, used 184149K [0x0000000080000000, 0x0000000100000000)
  region size 1024K, 3 young (3072K), 3 survivors (3072K)
 Metaspace       used 160615K, committed 162176K, reserved 1196032K
  class space    used 20624K, committed 21376K, reserved 1048576K
}
Event: 8326.793 GC heap before
{Heap before GC invocations=99 (full 1):
 garbage-first heap   total 481280K, used 290645K [0x0000000080000000, 0x0000000100000000)
  region size 1024K, 23 young (23552K), 3 survivors (3072K)
 Metaspace       used 160719K, committed 162432K, reserved 1196032K
  class space    used 20637K, committed 21440K, reserved 1048576K
}
Event: 8326.797 GC heap after
{Heap after GC invocations=100 (full 1):
 garbage-first heap   total 481280K, used 160259K [0x0000000080000000, 0x0000000100000000)
  region size 1024K, 2 young (2048K), 2 survivors (2048K)
 Metaspace       used 160719K, committed 162432K, reserved 1196032K
  class space    used 20637K, committed 21440K, reserved 1048576K
}
Event: 8327.180 GC heap before
{Heap before GC invocations=100 (full 1):
 garbage-first heap   total 481280K, used 229891K [0x0000000080000000, 0x0000000100000000)
  region size 1024K, 72 young (73728K), 2 survivors (2048K)
 Metaspace       used 160953K, committed 162688K, reserved 1196032K
  class space    used 20669K, committed 21504K, reserved 1048576K
}
Event: 8327.188 GC heap after
{Heap after GC invocations=101 (full 1):
 garbage-first heap   total 481280K, used 169413K [0x0000000080000000, 0x0000000100000000)
  region size 1024K, 11 young (11264K), 11 survivors (11264K)
 Metaspace       used 160953K, committed 162688K, reserved 1196032K
  class space    used 20669K, committed 21504K, reserved 1048576K
}
Event: 8329.459 GC heap before
{Heap before GC invocations=102 (full 1):
 garbage-first heap   total 481280K, used 398789K [0x0000000080000000, 0x0000000100000000)
  region size 1024K, 209 young (214016K), 11 survivors (11264K)
 Metaspace       used 161180K, committed 162880K, reserved 1196032K
  class space    used 20674K, committed 21504K, reserved 1048576K
}
Event: 8329.479 GC heap after
{Heap after GC invocations=103 (full 1):
 garbage-first heap   total 481280K, used 186612K [0x0000000080000000, 0x0000000100000000)
  region size 1024K, 27 young (27648K), 27 survivors (27648K)
 Metaspace       used 161180K, committed 162880K, reserved 1196032K
  class space    used 20674K, committed 21504K, reserved 1048576K
}
Event: 8329.481 GC heap before
{Heap before GC invocations=103 (full 1):
 garbage-first heap   total 481280K, used 187636K [0x0000000080000000, 0x0000000100000000)
  region size 1024K, 28 young (28672K), 27 survivors (27648K)
 Metaspace       used 161180K, committed 162880K, reserved 1196032K
  class space    used 20674K, committed 21504K, reserved 1048576K
}
Event: 8329.499 GC heap after
{Heap after GC invocations=104 (full 1):
 garbage-first heap   total 481280K, used 181240K [0x0000000080000000, 0x0000000100000000)
  region size 1024K, 2 young (2048K), 2 survivors (2048K)
 Metaspace       used 161180K, committed 162880K, reserved 1196032K
  class space    used 20674K, committed 21504K, reserved 1048576K
}
Event: 8329.610 GC heap before
{Heap before GC invocations=104 (full 1):
 garbage-first heap   total 481280K, used 204792K [0x0000000080000000, 0x0000000100000000)
  region size 1024K, 26 young (26624K), 2 survivors (2048K)
 Metaspace       used 162445K, committed 164160K, reserved 1196032K
  class space    used 20870K, committed 21696K, reserved 1048576K
}
Event: 8329.614 GC heap after
{Heap after GC invocations=105 (full 1):
 garbage-first heap   total 481280K, used 183872K [0x0000000080000000, 0x0000000100000000)
  region size 1024K, 5 young (5120K), 5 survivors (5120K)
 Metaspace       used 162445K, committed 164160K, reserved 1196032K
  class space    used 20870K, committed 21696K, reserved 1048576K
}
Event: 8330.789 GC heap before
{Heap before GC invocations=106 (full 1):
 garbage-first heap   total 481280K, used 373312K [0x0000000080000000, 0x0000000100000000)
  region size 1024K, 186 young (190464K), 5 survivors (5120K)
 Metaspace       used 168419K, committed 170112K, reserved 1204224K
  class space    used 21662K, committed 22464K, reserved 1048576K
}
Event: 8330.797 GC heap after
{Heap after GC invocations=107 (full 1):
 garbage-first heap   total 481280K, used 187384K [0x0000000080000000, 0x0000000100000000)
  region size 1024K, 7 young (7168K), 7 survivors (7168K)
 Metaspace       used 168419K, committed 170112K, reserved 1204224K
  class space    used 21662K, committed 22464K, reserved 1048576K
}
Event: 8330.942 GC heap before
{Heap before GC invocations=107 (full 1):
 garbage-first heap   total 481280K, used 202744K [0x0000000080000000, 0x0000000100000000)
  region size 1024K, 23 young (23552K), 7 survivors (7168K)
 Metaspace       used 168423K, committed 170112K, reserved 1204224K
  class space    used 21662K, committed 22464K, reserved 1048576K
}
Event: 8330.950 GC heap after
{Heap after GC invocations=108 (full 1):
 garbage-first heap   total 481280K, used 178149K [0x0000000080000000, 0x0000000100000000)
  region size 1024K, 3 young (3072K), 3 survivors (3072K)
 Metaspace       used 168423K, committed 170112K, reserved 1204224K
  class space    used 21662K, committed 22464K, reserved 1048576K
}
Event: 8331.386 GC heap before
{Heap before GC invocations=108 (full 1):
 garbage-first heap   total 481280K, used 217061K [0x0000000080000000, 0x0000000100000000)
  region size 1024K, 42 young (43008K), 3 survivors (3072K)
 Metaspace       used 168453K, committed 170112K, reserved 1204224K
  class space    used 21662K, committed 22464K, reserved 1048576K
}
Event: 8331.389 GC heap after
{Heap after GC invocations=109 (full 1):
 garbage-first heap   total 481280K, used 178987K [0x0000000080000000, 0x0000000100000000)
  region size 1024K, 4 young (4096K), 4 survivors (4096K)
 Metaspace       used 168453K, committed 170112K, reserved 1204224K
  class space    used 21662K, committed 22464K, reserved 1048576K
}

