# JRE version: Java(TM) SE Runtime Environment (17.0.1+12) (build 17.0.1+12-LTS-39)
# Java VM: Java HotSpot(TM) 64-Bit Server VM (17.0.1+12-LTS-39, mixed mode, sharing, tiered, compressed oops, compressed class ptrs, g1 gc, windows-amd64)
GC Precious Log:
 CPUs: 4 total, 4 available
 Memory: 8125M
 Large Page Support: Disabled
 NUMA Support: Disabled
 Compressed Oops: Enabled (32-bit)
 Heap Region Size: 1M
 Heap Min Capacity: 8M
 Heap Initial Capacity: 128M
 Heap Max Capacity: 2G
 Pre-touch: Disabled
 Parallel Workers: 4
 Concurrent Workers: 1
 Concurrent Refinement Workers: 4
 Periodic GC: Disabled
Heap:
 garbage-first heap   total 354304K, used 162376K [0x0000000080000000, 0x0000000100000000)
  region size 1024K, 4 young (4096K), 4 survivors (4096K)
 Metaspace       used 111700K, committed 112576K, reserved 1146880K
  class space    used 14919K, committed 15360K, reserved 1048576K
GC Heap History (20 events):
Event: 21.969 GC heap after
{Heap after GC invocations=43 (full 0):
 garbage-first heap   total 177152K, used 134603K [0x0000000080000000, 0x0000000100000000)
  region size 1024K, 3 young (3072K), 3 survivors (3072K)
 Metaspace       used 96754K, committed 97600K, reserved 1138688K
  class space    used 13352K, committed 13760K, reserved 1048576K
}
Event: 22.099 GC heap before
{Heap before GC invocations=43 (full 0):
 garbage-first heap   total 177152K, used 148939K [0x0000000080000000, 0x0000000100000000)
  region size 1024K, 12 young (12288K), 3 survivors (3072K)
 Metaspace       used 97034K, committed 97856K, reserved 1138688K
  class space    used 13375K, committed 13760K, reserved 1048576K
}
Event: 22.109 GC heap after
{Heap after GC invocations=44 (full 0):
 garbage-first heap   total 354304K, used 139211K [0x0000000080000000, 0x0000000100000000)
  region size 1024K, 2 young (2048K), 2 survivors (2048K)
 Metaspace       used 97034K, committed 97856K, reserved 1138688K
  class space    used 13375K, committed 13760K, reserved 1048576K
}
Event: 22.972 GC heap before
{Heap before GC invocations=44 (full 0):
 garbage-first heap   total 354304K, used 251851K [0x0000000080000000, 0x0000000100000000)
  region size 1024K, 94 young (96256K), 2 survivors (2048K)
 Metaspace       used 100102K, committed 100928K, reserved 1138688K
  class space    used 13640K, committed 14016K, reserved 1048576K
}
Event: 22.982 GC heap after
{Heap after GC invocations=45 (full 0):
 garbage-first heap   total 354304K, used 146691K [0x0000000080000000, 0x0000000100000000)
  region size 1024K, 12 young (12288K), 12 survivors (12288K)
 Metaspace       used 100102K, committed 100928K, reserved 1138688K
  class space    used 13640K, committed 14016K, reserved 1048576K
}
Event: 23.816 GC heap before
{Heap before GC invocations=45 (full 0):
 garbage-first heap   total 354304K, used 248067K [0x0000000080000000, 0x0000000100000000)
  region size 1024K, 109 young (111616K), 12 survivors (12288K)
 Metaspace       used 102081K, committed 102976K, reserved 1138688K
  class space    used 13808K, committed 14208K, reserved 1048576K
}
Event: 23.825 GC heap after
{Heap after GC invocations=46 (full 0):
 garbage-first heap   total 354304K, used 149546K [0x0000000080000000, 0x0000000100000000)
  region size 1024K, 2 young (2048K), 2 survivors (2048K)
 Metaspace       used 102081K, committed 102976K, reserved 1138688K
  class space    used 13808K, committed 14208K, reserved 1048576K
}
Event: 25.406 GC heap before
{Heap before GC invocations=46 (full 0):
 garbage-first heap   total 354304K, used 263210K [0x0000000080000000, 0x0000000100000000)
  region size 1024K, 114 young (116736K), 2 survivors (2048K)
 Metaspace       used 107554K, committed 108480K, reserved 1146880K
  class space    used 14423K, committed 14848K, reserved 1048576K
}
Event: 25.416 GC heap after
{Heap after GC invocations=47 (full 0):
 garbage-first heap   total 354304K, used 153180K [0x0000000080000000, 0x0000000100000000)
  region size 1024K, 7 young (7168K), 7 survivors (7168K)
 Metaspace       used 107554K, committed 108480K, reserved 1146880K
  class space    used 14423K, committed 14848K, reserved 1048576K
}
Event: 54.086 GC heap before
{Heap before GC invocations=47 (full 0):
 garbage-first heap   total 354304K, used 272988K [0x0000000080000000, 0x0000000100000000)
  region size 1024K, 124 young (126976K), 7 survivors (7168K)
 Metaspace       used 111384K, committed 112256K, reserved 1146880K
  class space    used 14881K, committed 15296K, reserved 1048576K
}
Event: 54.094 GC heap after
{Heap after GC invocations=48 (full 0):
 garbage-first heap   total 354304K, used 156142K [0x0000000080000000, 0x0000000100000000)
  region size 1024K, 10 young (10240K), 10 survivors (10240K)
 Metaspace       used 111384K, committed 112256K, reserved 1146880K
  class space    used 14881K, committed 15296K, reserved 1048576K
}
Event: 57.276 GC heap before
{Heap before GC invocations=48 (full 0):
 garbage-first heap   total 354304K, used 208366K [0x0000000080000000, 0x0000000100000000)
  region size 1024K, 22 young (22528K), 10 survivors (10240K)
 Metaspace       used 111691K, committed 112576K, reserved 1146880K
  class space    used 14919K, committed 15360K, reserved 1048576K
}
Event: 57.285 GC heap after
{Heap after GC invocations=49 (full 0):
 garbage-first heap   total 354304K, used 162745K [0x0000000080000000, 0x0000000100000000)
  region size 1024K, 4 young (4096K), 4 survivors (4096K)
 Metaspace       used 111691K, committed 112576K, reserved 1146880K
  class space    used 14919K, committed 15360K, reserved 1048576K
}
Event: 57.335 GC heap before
{Heap before GC invocations=49 (full 0):
 garbage-first heap   total 354304K, used 201657K [0x0000000080000000, 0x0000000100000000)
  region size 1024K, 5 young (5120K), 4 survivors (4096K)
 Metaspace       used 111695K, committed 112576K, reserved 1146880K
  class space    used 14919K, committed 15360K, reserved 1048576K
}
Event: 57.342 GC heap after
{Heap after GC invocations=50 (full 0):
 garbage-first heap   total 354304K, used 162816K [0x0000000080000000, 0x0000000100000000)
  region size 1024K, 4 young (4096K), 4 survivors (4096K)
 Metaspace       used 111695K, committed 112576K, reserved 1146880K
  class space    used 14919K, committed 15360K, reserved 1048576K
}
Event: 57.490 GC heap before
{Heap before GC invocations=50 (full 0):
 garbage-first heap   total 354304K, used 195584K [0x0000000080000000, 0x0000000100000000)
  region size 1024K, 5 young (5120K), 4 survivors (4096K)
 Metaspace       used 111698K, committed 112576K, reserved 1146880K
  class space    used 14919K, committed 15360K, reserved 1048576K
}
Event: 57.494 GC heap after
{Heap after GC invocations=51 (full 0):
 garbage-first heap   total 354304K, used 160197K [0x0000000080000000, 0x0000000100000000)
  region size 1024K, 4 young (4096K), 4 survivors (4096K)
 Metaspace       used 111698K, committed 112576K, reserved 1146880K
  class space    used 14919K, committed 15360K, reserved 1048576K
}
Event: 57.611 GC heap before
{Heap before GC invocations=51 (full 0):
 garbage-first heap   total 354304K, used 188869K [0x0000000080000000, 0x0000000100000000)
  region size 1024K, 5 young (5120K), 4 survivors (4096K)
 Metaspace       used 111700K, committed 112576K, reserved 1146880K
  class space    used 14919K, committed 15360K, reserved 1048576K
}
Event: 57.616 GC heap after
{Heap after GC invocations=52 (full 0):
 garbage-first heap   total 354304K, used 162388K [0x0000000080000000, 0x0000000100000000)
  region size 1024K, 4 young (4096K), 4 survivors (4096K)
 Metaspace       used 111700K, committed 112576K, reserved 1146880K
  class space    used 14919K, committed 15360K, reserved 1048576K
}
Event: 57.663 GC heap before
{Heap before GC invocations=52 (full 0):
 garbage-first heap   total 354304K, used 186964K [0x0000000080000000, 0x0000000100000000)
  region size 1024K, 5 young (5120K), 4 survivors (4096K)
 Metaspace       used 111700K, committed 112576K, reserved 1146880K
  class space    used 14919K, committed 15360K, reserved 1048576K
}

