# JRE version: Java(TM) SE Runtime Environment (17.0.1+12) (build 17.0.1+12-LTS-39)
# Java VM: Java HotSpot(TM) 64-Bit Server VM (17.0.1+12-LTS-39, mixed mode, sharing, tiered, compressed oops, compressed class ptrs, g1 gc, windows-amd64)
GC Precious Log:
 CPUs: 4 total, 4 available
 Memory: 8125M
 Large Page Support: Disabled
 NUMA Support: Disabled
 Compressed Oops: Enabled (32-bit)
 Heap Region Size: 1M
 Heap Min Capacity: 8M
 Heap Initial Capacity: 128M
 Heap Max Capacity: 2G
 Pre-touch: Disabled
 Parallel Workers: 4
 Concurrent Workers: 1
 Concurrent Refinement Workers: 4
 Periodic GC: Disabled
Heap:
 garbage-first heap   total 322560K, used 168298K [0x0000000080000000, 0x0000000100000000)
  region size 1024K, 6 young (6144K), 6 survivors (6144K)
 Metaspace       used 115030K, committed 115904K, reserved 1155072K
  class space    used 15877K, committed 16320K, reserved 1048576K
GC Heap History (20 events):
Event: 14.737 GC heap after
{Heap after GC invocations=30 (full 0):
 garbage-first heap   total 232448K, used 107983K [0x0000000080000000, 0x0000000100000000)
  region size 1024K, 2 young (2048K), 2 survivors (2048K)
 Metaspace       used 93682K, committed 94528K, reserved 1130496K
  class space    used 13073K, committed 13504K, reserved 1048576K
}
Event: 15.866 GC heap before
{Heap before GC invocations=30 (full 0):
 garbage-first heap   total 232448K, used 222671K [0x0000000080000000, 0x0000000100000000)
  region size 1024K, 53 young (54272K), 2 survivors (2048K)
 Metaspace       used 96486K, committed 97280K, reserved 1138688K
  class space    used 13405K, committed 13760K, reserved 1048576K
}
Event: 15.875 GC heap after
{Heap after GC invocations=31 (full 0):
 garbage-first heap   total 232448K, used 111878K [0x0000000080000000, 0x0000000100000000)
  region size 1024K, 6 young (6144K), 6 survivors (6144K)
 Metaspace       used 96486K, committed 97280K, reserved 1138688K
  class space    used 13405K, committed 13760K, reserved 1048576K
}
Event: 16.571 GC heap before
{Heap before GC invocations=32 (full 0):
 garbage-first heap   total 268288K, used 257286K [0x0000000080000000, 0x0000000100000000)
  region size 1024K, 34 young (34816K), 6 survivors (6144K)
 Metaspace       used 96623K, committed 97472K, reserved 1138688K
  class space    used 13414K, committed 13824K, reserved 1048576K
}
Event: 16.577 GC heap after
{Heap after GC invocations=33 (full 0):
 garbage-first heap   total 268288K, used 112280K [0x0000000080000000, 0x0000000100000000)
  region size 1024K, 6 young (6144K), 6 survivors (6144K)
 Metaspace       used 96623K, committed 97472K, reserved 1138688K
  class space    used 13414K, committed 13824K, reserved 1048576K
}
Event: 16.614 GC heap before
{Heap before GC invocations=33 (full 0):
 garbage-first heap   total 268288K, used 120472K [0x0000000080000000, 0x0000000100000000)
  region size 1024K, 13 young (13312K), 6 survivors (6144K)
 Metaspace       used 96705K, committed 97536K, reserved 1138688K
  class space    used 13426K, committed 13824K, reserved 1048576K
}
Event: 16.620 GC heap after
{Heap after GC invocations=34 (full 0):
 garbage-first heap   total 268288K, used 111410K [0x0000000080000000, 0x0000000100000000)
  region size 1024K, 1 young (1024K), 1 survivors (1024K)
 Metaspace       used 96705K, committed 97536K, reserved 1138688K
  class space    used 13426K, committed 13824K, reserved 1048576K
}
Event: 18.225 GC heap before
{Heap before GC invocations=34 (full 0):
 garbage-first heap   total 268288K, used 217906K [0x0000000080000000, 0x0000000100000000)
  region size 1024K, 106 young (108544K), 1 survivors (1024K)
 Metaspace       used 107600K, committed 108480K, reserved 1146880K
  class space    used 15010K, committed 15424K, reserved 1048576K
}
Event: 18.232 GC heap after
{Heap after GC invocations=35 (full 0):
 garbage-first heap   total 322560K, used 113537K [0x0000000080000000, 0x0000000100000000)
  region size 1024K, 4 young (4096K), 4 survivors (4096K)
 Metaspace       used 107600K, committed 108480K, reserved 1146880K
  class space    used 15010K, committed 15424K, reserved 1048576K
}
Event: 19.159 GC heap before
{Heap before GC invocations=35 (full 0):
 garbage-first heap   total 322560K, used 263041K [0x0000000080000000, 0x0000000100000000)
  region size 1024K, 151 young (154624K), 4 survivors (4096K)
 Metaspace       used 110830K, committed 111680K, reserved 1146880K
  class space    used 15431K, committed 15872K, reserved 1048576K
}
Event: 19.164 GC heap after
{Heap after GC invocations=36 (full 0):
 garbage-first heap   total 322560K, used 114867K [0x0000000080000000, 0x0000000100000000)
  region size 1024K, 5 young (5120K), 5 survivors (5120K)
 Metaspace       used 110830K, committed 111680K, reserved 1146880K
  class space    used 15431K, committed 15872K, reserved 1048576K
}
Event: 20.268 GC heap before
{Heap before GC invocations=36 (full 0):
 garbage-first heap   total 322560K, used 269491K [0x0000000080000000, 0x0000000100000000)
  region size 1024K, 157 young (160768K), 5 survivors (5120K)
 Metaspace       used 114053K, committed 114880K, reserved 1155072K
  class space    used 15838K, committed 16256K, reserved 1048576K
}
Event: 20.304 GC heap after
{Heap after GC invocations=37 (full 0):
 garbage-first heap   total 322560K, used 120626K [0x0000000080000000, 0x0000000100000000)
  region size 1024K, 10 young (10240K), 10 survivors (10240K)
 Metaspace       used 114053K, committed 114880K, reserved 1155072K
  class space    used 15838K, committed 16256K, reserved 1048576K
}
Event: 20.726 GC heap before
{Heap before GC invocations=37 (full 0):
 garbage-first heap   total 322560K, used 268082K [0x0000000080000000, 0x0000000100000000)
  region size 1024K, 155 young (158720K), 10 survivors (10240K)
 Metaspace       used 114386K, committed 115200K, reserved 1155072K
  class space    used 15843K, committed 16256K, reserved 1048576K
}
Event: 20.761 GC heap after
{Heap after GC invocations=38 (full 0):
 garbage-first heap   total 322560K, used 149472K [0x0000000080000000, 0x0000000100000000)
  region size 1024K, 20 young (20480K), 20 survivors (20480K)
 Metaspace       used 114386K, committed 115200K, reserved 1155072K
  class space    used 15843K, committed 16256K, reserved 1048576K
}
Event: 21.160 GC heap before
{Heap before GC invocations=38 (full 0):
 garbage-first heap   total 322560K, used 256992K [0x0000000080000000, 0x0000000100000000)
  region size 1024K, 125 young (128000K), 20 survivors (20480K)
 Metaspace       used 114602K, committed 115520K, reserved 1155072K
  class space    used 15866K, committed 16320K, reserved 1048576K
}
Event: 21.203 GC heap after
{Heap after GC invocations=39 (full 0):
 garbage-first heap   total 322560K, used 163292K [0x0000000080000000, 0x0000000100000000)
  region size 1024K, 13 young (13312K), 13 survivors (13312K)
 Metaspace       used 114602K, committed 115520K, reserved 1155072K
  class space    used 15866K, committed 16320K, reserved 1048576K
}
Event: 21.645 GC heap before
{Heap before GC invocations=39 (full 0):
 garbage-first heap   total 322560K, used 259548K [0x0000000080000000, 0x0000000100000000)
  region size 1024K, 107 young (109568K), 13 survivors (13312K)
 Metaspace       used 114869K, committed 115776K, reserved 1155072K
  class space    used 15873K, committed 16320K, reserved 1048576K
}
Event: 21.669 GC heap after
{Heap after GC invocations=40 (full 0):
 garbage-first heap   total 322560K, used 169472K [0x0000000080000000, 0x0000000100000000)
  region size 1024K, 7 young (7168K), 7 survivors (7168K)
 Metaspace       used 114869K, committed 115776K, reserved 1155072K
  class space    used 15873K, committed 16320K, reserved 1048576K
}
Event: 21.979 GC heap before
{Heap before GC invocations=40 (full 0):
 garbage-first heap   total 322560K, used 263680K [0x0000000080000000, 0x0000000100000000)
  region size 1024K, 99 young (101376K), 7 survivors (7168K)
 Metaspace       used 115030K, committed 115904K, reserved 1155072K
  class space    used 15877K, committed 16320K, reserved 1048576K
}

