# JRE version: Java(TM) SE Runtime Environment (17.0.1+12) (build 17.0.1+12-LTS-39)
# Java VM: Java HotSpot(TM) 64-Bit Server VM (17.0.1+12-LTS-39, mixed mode, sharing, tiered, compressed oops, compressed class ptrs, g1 gc, windows-amd64)
GC Precious Log:
 CPUs: 4 total, 4 available
 Memory: 8125M
 Large Page Support: Disabled
 NUMA Support: Disabled
 Compressed Oops: Enabled (32-bit)
 Heap Region Size: 1M
 Heap Min Capacity: 8M
 Heap Initial Capacity: 128M
 Heap Max Capacity: 2G
 Pre-touch: Disabled
 Parallel Workers: 4
 Concurrent Workers: 1
 Concurrent Refinement Workers: 4
 Periodic GC: Disabled
Heap:
 garbage-first heap   total 498688K, used 215040K [0x0000000080000000, 0x0000000100000000)
  region size 1024K, 8 young (8192K), 8 survivors (8192K)
 Metaspace       used 153283K, committed 154368K, reserved 1187840K
  class space    used 20329K, committed 20864K, reserved 1048576K
GC Heap History (20 events):
Event: 49.310 GC heap after
{Heap after GC invocations=62 (full 0):
 garbage-first heap   total 324608K, used 189620K [0x0000000080000000, 0x0000000100000000)
  region size 1024K, 2 young (2048K), 2 survivors (2048K)
 Metaspace       used 125792K, committed 126848K, reserved 1163264K
  class space    used 16643K, committed 17152K, reserved 1048576K
}
Event: 49.398 GC heap before
{Heap before GC invocations=62 (full 0):
 garbage-first heap   total 324608K, used 202932K [0x0000000080000000, 0x0000000100000000)
  region size 1024K, 15 young (15360K), 2 survivors (2048K)
 Metaspace       used 125906K, committed 126912K, reserved 1163264K
  class space    used 16655K, committed 17152K, reserved 1048576K
}
Event: 49.406 GC heap after
{Heap after GC invocations=63 (full 0):
 garbage-first heap   total 498688K, used 168776K [0x0000000080000000, 0x0000000100000000)
  region size 1024K, 2 young (2048K), 2 survivors (2048K)
 Metaspace       used 125906K, committed 126912K, reserved 1163264K
  class space    used 16655K, committed 17152K, reserved 1048576K
}
Event: 51.647 GC heap before
{Heap before GC invocations=63 (full 0):
 garbage-first heap   total 498688K, used 365384K [0x0000000080000000, 0x0000000100000000)
  region size 1024K, 190 young (194560K), 2 survivors (2048K)
 Metaspace       used 130453K, committed 131520K, reserved 1163264K
  class space    used 17170K, committed 17664K, reserved 1048576K
}
Event: 51.672 GC heap after
{Heap after GC invocations=64 (full 0):
 garbage-first heap   total 498688K, used 195584K [0x0000000080000000, 0x0000000100000000)
  region size 1024K, 24 young (24576K), 24 survivors (24576K)
 Metaspace       used 130453K, committed 131520K, reserved 1163264K
  class space    used 17170K, committed 17664K, reserved 1048576K
}
Event: 53.187 GC heap before
{Heap before GC invocations=64 (full 0):
 garbage-first heap   total 498688K, used 373760K [0x0000000080000000, 0x0000000100000000)
  region size 1024K, 195 young (199680K), 24 survivors (24576K)
 Metaspace       used 142689K, committed 143744K, reserved 1179648K
  class space    used 18964K, committed 19456K, reserved 1048576K
}
Event: 53.211 GC heap after
{Heap after GC invocations=65 (full 0):
 garbage-first heap   total 498688K, used 206524K [0x0000000080000000, 0x0000000100000000)
  region size 1024K, 17 young (17408K), 17 survivors (17408K)
 Metaspace       used 142689K, committed 143744K, reserved 1179648K
  class space    used 18964K, committed 19456K, reserved 1048576K
}
Event: 54.662 GC heap before
{Heap before GC invocations=65 (full 0):
 garbage-first heap   total 498688K, used 379580K [0x0000000080000000, 0x0000000100000000)
  region size 1024K, 186 young (190464K), 17 survivors (17408K)
 Metaspace       used 148192K, committed 149312K, reserved 1179648K
  class space    used 19689K, committed 20224K, reserved 1048576K
}
Event: 54.670 GC heap after
{Heap after GC invocations=66 (full 0):
 garbage-first heap   total 498688K, used 200192K [0x0000000080000000, 0x0000000100000000)
  region size 1024K, 4 young (4096K), 4 survivors (4096K)
 Metaspace       used 148192K, committed 149312K, reserved 1179648K
  class space    used 19689K, committed 20224K, reserved 1048576K
}
Event: 56.228 GC heap before
{Heap before GC invocations=66 (full 0):
 garbage-first heap   total 498688K, used 393728K [0x0000000080000000, 0x0000000100000000)
  region size 1024K, 191 young (195584K), 4 survivors (4096K)
 Metaspace       used 151086K, committed 152192K, reserved 1187840K
  class space    used 20061K, committed 20544K, reserved 1048576K
}
Event: 56.238 GC heap after
{Heap after GC invocations=67 (full 0):
 garbage-first heap   total 498688K, used 204052K [0x0000000080000000, 0x0000000100000000)
  region size 1024K, 8 young (8192K), 8 survivors (8192K)
 Metaspace       used 151086K, committed 152192K, reserved 1187840K
  class space    used 20061K, committed 20544K, reserved 1048576K
}
Event: 57.365 GC heap before
{Heap before GC invocations=67 (full 0):
 garbage-first heap   total 498688K, used 334100K [0x0000000080000000, 0x0000000100000000)
  region size 1024K, 84 young (86016K), 8 survivors (8192K)
 Metaspace       used 153282K, committed 154368K, reserved 1187840K
  class space    used 20329K, committed 20864K, reserved 1048576K
}
Event: 57.371 GC heap after
{Heap after GC invocations=68 (full 0):
 garbage-first heap   total 498688K, used 214679K [0x0000000080000000, 0x0000000100000000)
  region size 1024K, 8 young (8192K), 8 survivors (8192K)
 Metaspace       used 153282K, committed 154368K, reserved 1187840K
  class space    used 20329K, committed 20864K, reserved 1048576K
}
Event: 57.463 GC heap before
{Heap before GC invocations=68 (full 0):
 garbage-first heap   total 498688K, used 259735K [0x0000000080000000, 0x0000000100000000)
  region size 1024K, 9 young (9216K), 8 survivors (8192K)
 Metaspace       used 153282K, committed 154368K, reserved 1187840K
  class space    used 20329K, committed 20864K, reserved 1048576K
}
Event: 57.472 GC heap after
{Heap after GC invocations=69 (full 0):
 garbage-first heap   total 498688K, used 212320K [0x0000000080000000, 0x0000000100000000)
  region size 1024K, 8 young (8192K), 8 survivors (8192K)
 Metaspace       used 153282K, committed 154368K, reserved 1187840K
  class space    used 20329K, committed 20864K, reserved 1048576K
}
Event: 57.525 GC heap before
{Heap before GC invocations=69 (full 0):
 garbage-first heap   total 498688K, used 253280K [0x0000000080000000, 0x0000000100000000)
  region size 1024K, 9 young (9216K), 8 survivors (8192K)
 Metaspace       used 153282K, committed 154368K, reserved 1187840K
  class space    used 20329K, committed 20864K, reserved 1048576K
}
Event: 57.530 GC heap after
{Heap after GC invocations=70 (full 0):
 garbage-first heap   total 498688K, used 214729K [0x0000000080000000, 0x0000000100000000)
  region size 1024K, 8 young (8192K), 8 survivors (8192K)
 Metaspace       used 153282K, committed 154368K, reserved 1187840K
  class space    used 20329K, committed 20864K, reserved 1048576K
}
Event: 57.577 GC heap before
{Heap before GC invocations=70 (full 0):
 garbage-first heap   total 498688K, used 245449K [0x0000000080000000, 0x0000000100000000)
  region size 1024K, 9 young (9216K), 8 survivors (8192K)
 Metaspace       used 153283K, committed 154368K, reserved 1187840K
  class space    used 20329K, committed 20864K, reserved 1048576K
}
Event: 57.583 GC heap after
{Heap after GC invocations=71 (full 0):
 garbage-first heap   total 498688K, used 214732K [0x0000000080000000, 0x0000000100000000)
  region size 1024K, 8 young (8192K), 8 survivors (8192K)
 Metaspace       used 153283K, committed 154368K, reserved 1187840K
  class space    used 20329K, committed 20864K, reserved 1048576K
}
Event: 57.627 GC heap before
{Heap before GC invocations=71 (full 0):
 garbage-first heap   total 498688K, used 241356K [0x0000000080000000, 0x0000000100000000)
  region size 1024K, 9 young (9216K), 8 survivors (8192K)
 Metaspace       used 153283K, committed 154368K, reserved 1187840K
  class space    used 20329K, committed 20864K, reserved 1048576K
}

